#! /c/Source/iverilog-install/bin/vvp
:ivl_version "12.0 (devel)" "(s20150603-1539-g2693dd32b)";
:ivl_delay_selection "TYPICAL";
:vpi_time_precision + 0;
:vpi_module "C:\Users\Grimes\Apps\iverilog\lib\ivl\system.vpi";
:vpi_module "C:\Users\Grimes\Apps\iverilog\lib\ivl\vhdl_sys.vpi";
:vpi_module "C:\Users\Grimes\Apps\iverilog\lib\ivl\vhdl_textio.vpi";
:vpi_module "C:\Users\Grimes\Apps\iverilog\lib\ivl\v2005_math.vpi";
:vpi_module "C:\Users\Grimes\Apps\iverilog\lib\ivl\va_math.vpi";
S_000001d0c7016000 .scope module, "tb" "tb" 2 3;
 .timescale 0 0;
v000001d0c707de30_0 .var "a", 31 0;
v000001d0c707e790_0 .var "b", 31 0;
o000001d0c7035188 .functor BUFZ 32, C4<zzzzzzzzzzzzzzzzzzzzzzzzzzzzzzzz>; HiZ drive
v000001d0c707e6f0_0 .net "s", 31 0, o000001d0c7035188;  0 drivers
S_000001d0c702bd50 .scope module, "af" "addf" 2 8, 3 1 0, S_000001d0c7016000;
 .timescale 0 0;
    .port_info 0 /OUTPUT 32 "s";
    .port_info 1 /INPUT 32 "a";
    .port_info 2 /INPUT 32 "b";
v000001d0c702bee0_0 .net "a", 31 0, v000001d0c707de30_0;  1 drivers
v000001d0c6ff3120_0 .var "aexp", 7 0;
v000001d0c702bf80_0 .var "amant", 23 0;
v000001d0c702c020_0 .net "asign", 0 0, L_000001d0c707e830;  1 drivers
v000001d0c702c0c0_0 .net "b", 31 0, v000001d0c707e790_0;  1 drivers
v000001d0c7024bb0_0 .var "bexp", 7 0;
v000001d0c7024c50_0 .var "bmant", 23 0;
v000001d0c7024cf0_0 .net "bsign", 0 0, L_000001d0c707d9d0;  1 drivers
v000001d0c7024d90_0 .var/i "i", 31 0;
v000001d0c7024e30_0 .net "s", 31 0, o000001d0c7035188;  alias, 0 drivers
v000001d0c7024ed0_0 .var "sexp", 7 0;
v000001d0c707d840_0 .var "smant", 23 0;
v000001d0c707d8e0_0 .var "ssign", 0 0;
E_000001d0c70f8d40/0 .event anyedge, v000001d0c702bee0_0, v000001d0c702c0c0_0, v000001d0c6ff3120_0, v000001d0c7024bb0_0;
E_000001d0c70f8d40/1 .event anyedge, v000001d0c702bf80_0, v000001d0c7024c50_0, v000001d0c702c020_0, v000001d0c7024cf0_0;
E_000001d0c70f8d40/2 .event anyedge, v000001d0c707d840_0, v000001d0c7024d90_0, v000001d0c7024ed0_0;
E_000001d0c70f8d40 .event/or E_000001d0c70f8d40/0, E_000001d0c70f8d40/1, E_000001d0c70f8d40/2;
L_000001d0c707e830 .part v000001d0c707de30_0, 31, 1;
L_000001d0c707d9d0 .part v000001d0c707e790_0, 31, 1;
    .scope S_000001d0c702bd50;
T_0 ;
    %wait E_000001d0c70f8d40;
    %load/vec4 v000001d0c702bee0_0;
    %parti/s 8, 23, 6;
    %store/vec4 v000001d0c6ff3120_0, 0, 8;
    %load/vec4 v000001d0c702c0c0_0;
    %parti/s 8, 23, 6;
    %store/vec4 v000001d0c7024bb0_0, 0, 8;
    %load/vec4 v000001d0c702bee0_0;
    %parti/s 23, 0, 2;
    %ix/load 4, 0, 0;
    %flag_set/imm 4, 0;
    %store/vec4 v000001d0c702bf80_0, 4, 23;
    %load/vec4 v000001d0c702c0c0_0;
    %parti/s 23, 0, 2;
    %ix/load 4, 0, 0;
    %flag_set/imm 4, 0;
    %store/vec4 v000001d0c7024c50_0, 4, 23;
    %load/vec4 v000001d0c6ff3120_0;
    %store/vec4 v000001d0c7024ed0_0, 0, 8;
    %pushi/vec4 1, 0, 1;
    %ix/load 4, 23, 0;
    %flag_set/imm 4, 0;
    %store/vec4 v000001d0c702bf80_0, 4, 1;
    %pushi/vec4 1, 0, 1;
    %ix/load 4, 23, 0;
    %flag_set/imm 4, 0;
    %store/vec4 v000001d0c7024c50_0, 4, 1;
    %load/vec4 v000001d0c6ff3120_0;
    %load/vec4 v000001d0c7024bb0_0;
    %cmp/u;
    %jmp/0xz  T_0.0, 5;
    %load/vec4 v000001d0c702bf80_0;
    %load/vec4 v000001d0c7024bb0_0;
    %load/vec4 v000001d0c6ff3120_0;
    %sub;
    %ix/vec4 4;
    %shiftr 4;
    %store/vec4 v000001d0c702bf80_0, 0, 24;
    %load/vec4 v000001d0c7024bb0_0;
    %store/vec4 v000001d0c7024ed0_0, 0, 8;
    %jmp T_0.1;
T_0.0 ;
    %load/vec4 v000001d0c7024bb0_0;
    %load/vec4 v000001d0c6ff3120_0;
    %cmp/u;
    %jmp/0xz  T_0.2, 5;
    %load/vec4 v000001d0c7024c50_0;
    %load/vec4 v000001d0c6ff3120_0;
    %load/vec4 v000001d0c7024bb0_0;
    %sub;
    %ix/vec4 4;
    %shiftr 4;
    %store/vec4 v000001d0c7024c50_0, 0, 24;
    %load/vec4 v000001d0c6ff3120_0;
    %store/vec4 v000001d0c7024ed0_0, 0, 8;
T_0.2 ;
T_0.1 ;
    %load/vec4 v000001d0c702c020_0;
    %load/vec4 v000001d0c7024cf0_0;
    %cmp/e;
    %jmp/0xz  T_0.4, 4;
    %load/vec4 v000001d0c702c020_0;
    %store/vec4 v000001d0c707d8e0_0, 0, 1;
    %load/vec4 v000001d0c702bf80_0;
    %load/vec4 v000001d0c7024c50_0;
    %add;
    %store/vec4 v000001d0c707d840_0, 0, 24;
    %jmp T_0.5;
T_0.4 ;
    %load/vec4 v000001d0c7024c50_0;
    %load/vec4 v000001d0c702bf80_0;
    %cmp/u;
    %jmp/0xz  T_0.6, 5;
    %load/vec4 v000001d0c702c020_0;
    %store/vec4 v000001d0c707d8e0_0, 0, 1;
    %load/vec4 v000001d0c702bf80_0;
    %load/vec4 v000001d0c7024c50_0;
    %sub;
    %store/vec4 v000001d0c707d840_0, 0, 24;
    %jmp T_0.7;
T_0.6 ;
    %load/vec4 v000001d0c702bf80_0;
    %load/vec4 v000001d0c7024c50_0;
    %cmp/u;
    %jmp/0xz  T_0.8, 5;
    %load/vec4 v000001d0c7024cf0_0;
    %store/vec4 v000001d0c707d8e0_0, 0, 1;
    %load/vec4 v000001d0c7024c50_0;
    %load/vec4 v000001d0c702bf80_0;
    %sub;
    %store/vec4 v000001d0c707d840_0, 0, 24;
    %jmp T_0.9;
T_0.8 ;
    %pushi/vec4 0, 0, 24;
    %store/vec4 v000001d0c707d840_0, 0, 24;
    %pushi/vec4 0, 0, 1;
    %store/vec4 v000001d0c707d8e0_0, 0, 1;
    %pushi/vec4 0, 0, 8;
    %store/vec4 v000001d0c7024ed0_0, 0, 8;
T_0.9 ;
T_0.7 ;
T_0.5 ;
    %load/vec4 v000001d0c707d840_0;
    %pad/u 32;
    %cmpi/ne 0, 0, 32;
    %jmp/0xz  T_0.10, 4;
    %pushi/vec4 23, 0, 32;
    %store/vec4 v000001d0c7024d90_0, 0, 32;
T_0.12 ;
    %load/vec4 v000001d0c707d840_0;
    %load/vec4 v000001d0c7024d90_0;
    %part/s 1;
    %pad/u 32;
    %cmpi/e 0, 0, 32;
    %jmp/0xz T_0.13, 4;
    %load/vec4 v000001d0c7024d90_0;
    %subi 1, 0, 32;
    %store/vec4 v000001d0c7024d90_0, 0, 32;
    %jmp T_0.12;
T_0.13 ;
    %load/vec4 v000001d0c707d840_0;
    %pushi/vec4 23, 0, 32;
    %load/vec4 v000001d0c7024d90_0;
    %sub;
    %ix/vec4 4;
    %shiftl 4;
    %store/vec4 v000001d0c707d840_0, 0, 24;
    %load/vec4 v000001d0c7024ed0_0;
    %pad/u 32;
    %pushi/vec4 23, 0, 32;
    %load/vec4 v000001d0c7024d90_0;
    %sub;
    %sub;
    %pad/u 8;
    %store/vec4 v000001d0c7024ed0_0, 0, 8;
    %load/vec4 v000001d0c707d840_0;
    %ix/load 4, 1, 0;
    %flag_set/imm 4, 0;
    %shiftl 4;
    %store/vec4 v000001d0c707d840_0, 0, 24;
T_0.10 ;
    %jmp T_0;
    .thread T_0, $push;
    .scope S_000001d0c7016000;
T_1 ;
    %vpi_call 2 11 "$monitor", "%b %b %b %b\012", v000001d0c707d840_0, v000001d0c7024ed0_0, v000001d0c6ff3120_0, v000001d0c7024bb0_0 {0 0 0};
    %pushi/vec4 1065353216, 0, 32;
    %store/vec4 v000001d0c707de30_0, 0, 32;
    %pushi/vec4 1084227584, 0, 32;
    %store/vec4 v000001d0c707e790_0, 0, 32;
    %delay 100, 0;
    %pushi/vec4 1116340224, 0, 32;
    %store/vec4 v000001d0c707de30_0, 0, 32;
    %pushi/vec4 1084227584, 0, 32;
    %store/vec4 v000001d0c707e790_0, 0, 32;
    %delay 100, 0;
    %pushi/vec4 1075000115, 0, 32;
    %store/vec4 v000001d0c707de30_0, 0, 32;
    %pushi/vec4 3222483763, 0, 32;
    %store/vec4 v000001d0c707e790_0, 0, 32;
    %delay 100, 0;
    %pushi/vec4 1084227584, 0, 32;
    %store/vec4 v000001d0c707de30_0, 0, 32;
    %pushi/vec4 3222483763, 0, 32;
    %store/vec4 v000001d0c707e790_0, 0, 32;
    %delay 100, 0;
    %vpi_call 2 28 "$finish" {0 0 0};
    %end;
    .thread T_1;
# The file index is used to find the file name in the following table.
:file_names 4;
    "N/A";
    "<interactive>";
    "src\float\add_tb.v";
    "./src/float/add.v";
